<?xml version="1.0" encoding="UTF-8" standalone="no"?>
<!DOCTYPE log SYSTEM "logger.dtd">
<log>
<record>
  <date>2018-09-27T14:11:49.058-0300</date>
  <logger>EDUARDO PEREIRA DOS SANTOS</logger>
  <level>FINE</level>
  <message>File 117210342-EDUARDO PEREIRA DOS SANTOS.zip was received. It was sent by EDUARDO PEREIRA DOS SANTOS from IP 150.165.42.171</message>
</record>
</log>
<?xml version="1.0" encoding="UTF-8" standalone="no"?>
<!DOCTYPE log SYSTEM "logger.dtd">
<log>
<record>
  <date>2018-09-27T15:46:48.416-0300</date>
  <logger>EDUARDO PEREIRA DOS SANTOS</logger>
  <level>FINE</level>
  <message>File 117210342-EDUARDO PEREIRA DOS SANTOS.zip was received. It was sent by EDUARDO PEREIRA DOS SANTOS from IP 150.165.42.171</message>
</record>
</log>
<?xml version="1.0" encoding="UTF-8" standalone="no"?>
<!DOCTYPE log SYSTEM "logger.dtd">
<log>
<record>
  <date>2018-09-27T23:03:27.597-0300</date>
  <logger>EDUARDO PEREIRA DOS SANTOS</logger>
  <level>FINE</level>
  <message>File 117210342-EDUARDO PEREIRA DOS SANTOS.zip was received. It was sent by EDUARDO PEREIRA DOS SANTOS from IP 192.168.42.192</message>
</record>
</log>
<?xml version="1.0" encoding="UTF-8" standalone="no"?>
<!DOCTYPE log SYSTEM "logger.dtd">
<log>
<record>
  <date>2018-09-27T23:08:32.006-0300</date>
  <logger>EDUARDO PEREIRA DOS SANTOS</logger>
  <level>FINE</level>
  <message>File 117210342-EDUARDO PEREIRA DOS SANTOS.zip was received. It was sent by EDUARDO PEREIRA DOS SANTOS from IP 192.168.42.192</message>
</record>
