<?xml version="1.0" encoding="UTF-8" standalone="no"?>
<!DOCTYPE log SYSTEM "logger.dtd">
<log>
<record>
  <date>2018-09-17T16:17:10.572-0300</date>
  <logger>EDUARDO PEREIRA DOS SANTOS</logger>
  <level>FINE</level>
  <message>File 117210342-EDUARDO PEREIRA DOS SANTOS.zip was received. It was sent by EDUARDO PEREIRA DOS SANTOS from IP 150.165.42.147</message>
</record>
</log>
<?xml version="1.0" encoding="UTF-8" standalone="no"?>
<!DOCTYPE log SYSTEM "logger.dtd">
<log>
<record>
  <date>2018-09-17T22:45:05.747-0300</date>
  <logger>EDUARDO PEREIRA DOS SANTOS</logger>
  <level>FINE</level>
  <message>File 117210342-EDUARDO PEREIRA DOS SANTOS.zip was received. It was sent by EDUARDO PEREIRA DOS SANTOS from IP 192.168.42.192</message>
</record>
</log>
<?xml version="1.0" encoding="UTF-8" standalone="no"?>
<!DOCTYPE log SYSTEM "logger.dtd">
<log>
<record>
  <date>2018-09-17T22:49:42.651-0300</date>
  <logger>EDUARDO PEREIRA DOS SANTOS</logger>
  <level>FINE</level>
  <message>File 117210342-EDUARDO PEREIRA DOS SANTOS.zip was received. It was sent by EDUARDO PEREIRA DOS SANTOS from IP 192.168.42.192</message>
</record>
</log>
<?xml version="1.0" encoding="UTF-8" standalone="no"?>
<!DOCTYPE log SYSTEM "logger.dtd">
<log>
<record>
  <date>2018-09-17T22:54:40.085-0300</date>
  <logger>EDUARDO PEREIRA DOS SANTOS</logger>
  <level>FINE</level>
  <message>File 117210342-EDUARDO PEREIRA DOS SANTOS.zip was received. It was sent by EDUARDO PEREIRA DOS SANTOS from IP 192.168.42.192</message>
</record>
