<?xml version="1.0" encoding="UTF-8" standalone="no"?>
<!DOCTYPE log SYSTEM "logger.dtd">
<log>
<record>
  <date>2018-10-29T17:18:03.715-0300</date>
  <logger>EDUARDO PEREIRA DOS SANTOS</logger>
  <level>FINE</level>
  <message>File 117210342-EDUARDO PEREIRA DOS SANTOS.zip was received. It was sent by EDUARDO PEREIRA DOS SANTOS from IP 192.168.42.192</message>
</record>
</log>
<?xml version="1.0" encoding="UTF-8" standalone="no"?>
<!DOCTYPE log SYSTEM "logger.dtd">
<log>
<record>
  <date>2018-10-31T16:00:14.557-0300</date>
  <logger>EDUARDO PEREIRA DOS SANTOS</logger>
  <level>FINE</level>
  <message>File 117210342-EDUARDO PEREIRA DOS SANTOS.zip was received. It was sent by EDUARDO PEREIRA DOS SANTOS from IP 192.168.42.192</message>
</record>
</log>
<?xml version="1.0" encoding="UTF-8" standalone="no"?>
<!DOCTYPE log SYSTEM "logger.dtd">
<log>
<record>
  <date>2018-10-31T21:08:24.768-0300</date>
  <logger>EDUARDO PEREIRA DOS SANTOS</logger>
  <level>FINE</level>
  <message>File 117210342-EDUARDO PEREIRA DOS SANTOS.zip was received. It was sent by EDUARDO PEREIRA DOS SANTOS from IP 192.168.42.192</message>
</record>
</log>
<?xml version="1.0" encoding="UTF-8" standalone="no"?>
<!DOCTYPE log SYSTEM "logger.dtd">
<log>
<record>
  <date>2018-10-31T21:09:13.261-0300</date>
  <logger>EDUARDO PEREIRA DOS SANTOS</logger>
  <level>FINE</level>
  <message>File 117210342-EDUARDO PEREIRA DOS SANTOS.zip was received. It was sent by EDUARDO PEREIRA DOS SANTOS from IP 192.168.42.192</message>
</record>
</log>
<?xml version="1.0" encoding="UTF-8" standalone="no"?>
<!DOCTYPE log SYSTEM "logger.dtd">
<log>
<record>
  <date>2018-11-01T12:13:48.300-0300</date>
  <logger>EDUARDO PEREIRA DOS SANTOS</logger>
  <level>FINE</level>
  <message>File 117210342-EDUARDO PEREIRA DOS SANTOS.zip was received. It was sent by EDUARDO PEREIRA DOS SANTOS from IP 192.168.42.192</message>
</record>
</log>
<?xml version="1.0" encoding="UTF-8" standalone="no"?>
<!DOCTYPE log SYSTEM "logger.dtd">
<log>
<record>
  <date>2018-11-01T12:19:50.120-0300</date>
  <logger>EDUARDO PEREIRA DOS SANTOS</logger>
  <level>FINE</level>
  <message>File 117210342-EDUARDO PEREIRA DOS SANTOS.zip was received. It was sent by EDUARDO PEREIRA DOS SANTOS from IP 192.168.42.192</message>
</record>
</log>
<?xml version="1.0" encoding="UTF-8" standalone="no"?>
<!DOCTYPE log SYSTEM "logger.dtd">
<log>
<record>
  <date>2018-11-01T12:19:54.679-0300</date>
  <logger>EDUARDO PEREIRA DOS SANTOS</logger>
  <level>FINE</level>
  <message>File 117210342-EDUARDO PEREIRA DOS SANTOS.zip was received. It was sent by EDUARDO PEREIRA DOS SANTOS from IP 192.168.42.192</message>
</record>
</log>
<?xml version="1.0" encoding="UTF-8" standalone="no"?>
<!DOCTYPE log SYSTEM "logger.dtd">
<log>
<record>
  <date>2018-11-01T13:58:04.532-0300</date>
  <logger>EDUARDO PEREIRA DOS SANTOS</logger>
  <level>FINE</level>
  <message>File 117210342-EDUARDO PEREIRA DOS SANTOS.zip was received. It was sent by EDUARDO PEREIRA DOS SANTOS from IP 192.168.42.192</message>
</record>
